<?xml version="1.0" encoding="UTF-8"?>
<coverage generated="1658916819890" clover="3.2.0">
  <project timestamp="1658916819890" name="All files">
    <metrics statements="24" coveredstatements="24" conditionals="23" coveredconditionals="22" methods="4" coveredmethods="4" elements="51" coveredelements="50" complexity="0" loc="24" ncloc="24" packages="1" files="1" classes="1"/>
    <file name="gilded_rose.js" path="/Users/davekempsell/Projects/tech_tests/gilded_rose/src/gilded_rose.js">
      <metrics statements="24" coveredstatements="24" conditionals="23" coveredconditionals="22" methods="4" coveredmethods="4"/>
      <line num="3" count="15" type="stmt"/>
      <line num="4" count="15" type="stmt"/>
      <line num="5" count="15" type="stmt"/>
      <line num="11" count="13" type="stmt"/>
      <line num="14" count="13" type="stmt"/>
      <line num="15" count="14" type="cond" truecount="2" falsecount="0"/>
      <line num="16" count="13" type="stmt"/>
      <line num="17" count="13" type="cond" truecount="2" falsecount="0"/>
      <line num="18" count="4" type="cond" truecount="2" falsecount="0"/>
      <line num="19" count="1" type="stmt"/>
      <line num="20" count="3" type="cond" truecount="2" falsecount="0"/>
      <line num="21" count="1" type="stmt"/>
      <line num="22" count="2" type="cond" truecount="2" falsecount="0"/>
      <line num="23" count="1" type="stmt"/>
      <line num="25" count="1" type="stmt"/>
      <line num="27" count="9" type="cond" truecount="2" falsecount="0"/>
      <line num="28" count="7" type="cond" truecount="2" falsecount="0"/>
      <line num="30" count="4" type="cond" truecount="2" falsecount="0"/>
      <line num="32" count="3" type="cond" truecount="2" falsecount="0"/>
      <line num="35" count="2" type="stmt"/>
      <line num="37" count="13" type="cond" truecount="2" falsecount="0"/>
      <line num="38" count="13" type="cond" truecount="2" falsecount="0"/>
      <line num="42" count="13" type="stmt"/>
      <line num="46" count="1" type="stmt"/>
    </file>
  </project>
</coverage>
