{"/Users/davekempsell/Projects/tech_tests/gilded_rose/src/gilded_rose.js": {"path":"/Users/davekempsell/Projects/tech_tests/gilded_rose/src/gilded_rose.js","statementMap":{"0":{"start":{"line":3,"column":4},"end":{"line":3,"column":21}},"1":{"start":{"line":4,"column":4},"end":{"line":4,"column":25}},"2":{"start":{"line":5,"column":4},"end":{"line":5,"column":27}},"3":{"start":{"line":11,"column":4},"end":{"line":11,"column":23}},"4":{"start":{"line":14,"column":4},"end":{"line":40,"column":6}},"5":{"start":{"line":15,"column":6},"end":{"line":39,"column":7}},"6":{"start":{"line":16,"column":8},"end":{"line":16,"column":25}},"7":{"start":{"line":17,"column":8},"end":{"line":36,"column":9}},"8":{"start":{"line":18,"column":10},"end":{"line":26,"column":11}},"9":{"start":{"line":19,"column":12},"end":{"line":19,"column":29}},"10":{"start":{"line":20,"column":17},"end":{"line":26,"column":11}},"11":{"start":{"line":21,"column":12},"end":{"line":21,"column":30}},"12":{"start":{"line":22,"column":17},"end":{"line":26,"column":11}},"13":{"start":{"line":23,"column":12},"end":{"line":23,"column":30}},"14":{"start":{"line":25,"column":12},"end":{"line":25,"column":30}},"15":{"start":{"line":27,"column":15},"end":{"line":36,"column":9}},"16":{"start":{"line":28,"column":10},"end":{"line":33,"column":11}},"17":{"start":{"line":30,"column":12},"end":{"line":30,"column":82}},"18":{"start":{"line":32,"column":12},"end":{"line":32,"column":82}},"19":{"start":{"line":35,"column":10},"end":{"line":35,"column":28}},"20":{"start":{"line":37,"column":8},"end":{"line":37,"column":73}},"21":{"start":{"line":38,"column":8},"end":{"line":38,"column":75}},"22":{"start":{"line":42,"column":4},"end":{"line":42,"column":22}},"23":{"start":{"line":46,"column":0},"end":{"line":49,"column":1}}},"fnMap":{"0":{"name":"(anonymous_0)","decl":{"start":{"line":2,"column":2},"end":{"line":2,"column":3}},"loc":{"start":{"line":2,"column":36},"end":{"line":6,"column":3}},"line":2},"1":{"name":"(anonymous_1)","decl":{"start":{"line":10,"column":2},"end":{"line":10,"column":3}},"loc":{"start":{"line":10,"column":23},"end":{"line":12,"column":3}},"line":10},"2":{"name":"(anonymous_2)","decl":{"start":{"line":13,"column":2},"end":{"line":13,"column":3}},"loc":{"start":{"line":13,"column":18},"end":{"line":43,"column":3}},"line":13},"3":{"name":"(anonymous_3)","decl":{"start":{"line":14,"column":23},"end":{"line":14,"column":24}},"loc":{"start":{"line":14,"column":33},"end":{"line":40,"column":5}},"line":14}},"branchMap":{"0":{"loc":{"start":{"line":10,"column":14},"end":{"line":10,"column":22}},"type":"default-arg","locations":[{"start":{"line":10,"column":20},"end":{"line":10,"column":22}}],"line":10},"1":{"loc":{"start":{"line":15,"column":6},"end":{"line":39,"column":7}},"type":"if","locations":[{"start":{"line":15,"column":6},"end":{"line":39,"column":7}},{"start":{},"end":{}}],"line":15},"2":{"loc":{"start":{"line":17,"column":8},"end":{"line":36,"column":9}},"type":"if","locations":[{"start":{"line":17,"column":8},"end":{"line":36,"column":9}},{"start":{"line":27,"column":15},"end":{"line":36,"column":9}}],"line":17},"3":{"loc":{"start":{"line":18,"column":10},"end":{"line":26,"column":11}},"type":"if","locations":[{"start":{"line":18,"column":10},"end":{"line":26,"column":11}},{"start":{"line":20,"column":17},"end":{"line":26,"column":11}}],"line":18},"4":{"loc":{"start":{"line":20,"column":17},"end":{"line":26,"column":11}},"type":"if","locations":[{"start":{"line":20,"column":17},"end":{"line":26,"column":11}},{"start":{"line":22,"column":17},"end":{"line":26,"column":11}}],"line":20},"5":{"loc":{"start":{"line":22,"column":17},"end":{"line":26,"column":11}},"type":"if","locations":[{"start":{"line":22,"column":17},"end":{"line":26,"column":11}},{"start":{"line":24,"column":17},"end":{"line":26,"column":11}}],"line":22},"6":{"loc":{"start":{"line":27,"column":15},"end":{"line":36,"column":9}},"type":"if","locations":[{"start":{"line":27,"column":15},"end":{"line":36,"column":9}},{"start":{"line":34,"column":15},"end":{"line":36,"column":9}}],"line":27},"7":{"loc":{"start":{"line":28,"column":10},"end":{"line":33,"column":11}},"type":"if","locations":[{"start":{"line":28,"column":10},"end":{"line":33,"column":11}},{"start":{"line":31,"column":17},"end":{"line":33,"column":11}}],"line":28},"8":{"loc":{"start":{"line":30,"column":12},"end":{"line":30,"column":81}},"type":"cond-expr","locations":[{"start":{"line":30,"column":45},"end":{"line":30,"column":62}},{"start":{"line":30,"column":64},"end":{"line":30,"column":81}}],"line":30},"9":{"loc":{"start":{"line":32,"column":12},"end":{"line":32,"column":81}},"type":"cond-expr","locations":[{"start":{"line":32,"column":45},"end":{"line":32,"column":62}},{"start":{"line":32,"column":64},"end":{"line":32,"column":81}}],"line":32},"10":{"loc":{"start":{"line":37,"column":8},"end":{"line":37,"column":73}},"type":"cond-expr","locations":[{"start":{"line":37,"column":27},"end":{"line":37,"column":43}},{"start":{"line":37,"column":46},"end":{"line":37,"column":73}}],"line":37},"11":{"loc":{"start":{"line":38,"column":8},"end":{"line":38,"column":75}},"type":"cond-expr","locations":[{"start":{"line":38,"column":28},"end":{"line":38,"column":45}},{"start":{"line":38,"column":48},"end":{"line":38,"column":75}}],"line":38}},"s":{"0":15,"1":15,"2":15,"3":13,"4":13,"5":14,"6":13,"7":13,"8":4,"9":1,"10":3,"11":1,"12":2,"13":1,"14":1,"15":9,"16":7,"17":4,"18":3,"19":2,"20":13,"21":13,"22":13,"23":1},"f":{"0":15,"1":13,"2":13,"3":14},"b":{"0":[0],"1":[13,1],"2":[4,9],"3":[1,3],"4":[1,2],"5":[1,1],"6":[7,2],"7":[4,3],"8":[1,3],"9":[1,2],"10":[1,12],"11":[1,12]},"_coverageSchema":"1a1c01bbd47fc00a2c39e90264f33305004495a9","hash":"ffdc52ffc8a599f7370d70059f6917613d73ebfb"}
}
