TN:
SF:src/gilded_rose.js
FN:2,(anonymous_0)
FN:10,(anonymous_1)
FN:13,(anonymous_2)
FN:14,(anonymous_3)
FNF:4
FNH:4
FNDA:15,(anonymous_0)
FNDA:13,(anonymous_1)
FNDA:13,(anonymous_2)
FNDA:14,(anonymous_3)
DA:3,15
DA:4,15
DA:5,15
DA:11,13
DA:14,13
DA:15,14
DA:16,13
DA:17,13
DA:18,4
DA:19,1
DA:20,3
DA:21,1
DA:22,2
DA:23,1
DA:25,1
DA:27,9
DA:28,7
DA:30,4
DA:32,3
DA:35,2
DA:37,13
DA:38,13
DA:42,13
DA:46,1
LF:24
LH:24
BRDA:10,0,0,0
BRDA:15,1,0,13
BRDA:15,1,1,1
BRDA:17,2,0,4
BRDA:17,2,1,9
BRDA:18,3,0,1
BRDA:18,3,1,3
BRDA:20,4,0,1
BRDA:20,4,1,2
BRDA:22,5,0,1
BRDA:22,5,1,1
BRDA:27,6,0,7
BRDA:27,6,1,2
BRDA:28,7,0,4
BRDA:28,7,1,3
BRDA:30,8,0,1
BRDA:30,8,1,3
BRDA:32,9,0,1
BRDA:32,9,1,2
BRDA:37,10,0,1
BRDA:37,10,1,12
BRDA:38,11,0,1
BRDA:38,11,1,12
BRF:23
BRH:22
end_of_record
